#
# There is insufficient memory for the Java Runtime Environment to continue.
# Native memory allocation (malloc) failed to allocate 1837776 bytes for Chunk::new
# Possible reasons:
#   The system is out of physical RAM or swap space
#   The process is running with CompressedOops enabled, and the Java Heap may be blocking the growth of the native heap
# Possible solutions:
#   Reduce memory load on the system
#   Increase physical memory or swap space
#   Check if swap backing store is full
#   Decrease Java heap size (-Xmx/-Xms)
#   Decrease number of Java threads
#   Decrease Java thread stack sizes (-Xss)
#   Set larger code cache with -XX:ReservedCodeCacheSize=
#   JVM is running with Unscaled Compressed Oops mode in which the Java heap is
#     placed in the first 4GB address space. The Java Heap base address is the
#     maximum limit for the native heap growth. Please use -XX:HeapBaseMinAddress
#     to set the Java Heap base and to place the Java Heap above 4GB virtual address.
# This output file may be truncated or incomplete.
#
#  Out of Memory Error (allocation.cpp:389), pid=3784, tid=0x0000000000000a30
#
# JRE version: OpenJDK Runtime Environment (8.0_202-b03) (build 1.8.0_202-release-1483-b03)
# Java VM: OpenJDK 64-Bit Server VM (25.202-b03 mixed mode windows-amd64 compressed oops)
# Failed to write core dump. Minidumps are not enabled by default on client versions of Windows
#

---------------  T H R E A D  ---------------

Current thread (0x0000000018681800):  JavaThread "C2 CompilerThread0" daemon [_thread_in_native, id=2608, stack(0x0000000018f50000,0x0000000019050000)]

Stack: [0x0000000018f50000,0x0000000019050000]
[error occurred during error reporting (printing stack bounds), id 0xc0000005]

Native frames: (J=compiled Java code, j=interpreted, Vv=VM code, C=native code)


Current CompileTask:
C2:  15103 14622       4       com.android.tools.r8.ir.regalloc.LinearScanRegisterAllocator::a (1738 bytes)


---------------  P R O C E S S  ---------------

Java Threads: ( => current thread )
  0x000000001ffe5000 JavaThread "WorkerExecutor Queue" [_thread_blocked, id=10996, stack(0x0000000026c70000,0x0000000026d70000)]
  0x000000001ffe3800 JavaThread "Cache worker for execution history cache (D:\CT\.gradle\5.4.1\executionHistory)" [_thread_blocked, id=5072, stack(0x0000000026970000,0x0000000026a70000)]
  0x000000001ffe2000 JavaThread "Execution worker for ':' Thread 7" [_thread_blocked, id=9712, stack(0x0000000026870000,0x0000000026970000)]
  0x000000001ffe2800 JavaThread "Execution worker for ':' Thread 6" [_thread_in_Java, id=1972, stack(0x0000000026770000,0x0000000026870000)]
  0x000000001ffe4000 JavaThread "Execution worker for ':' Thread 5" [_thread_blocked, id=7144, stack(0x0000000026670000,0x0000000026770000)]
  0x000000001ffe1000 JavaThread "Execution worker for ':' Thread 4" [_thread_in_Java, id=972, stack(0x0000000026570000,0x0000000026670000)]
  0x000000001ffdf800 JavaThread "Execution worker for ':' Thread 3" [_thread_in_Java, id=9772, stack(0x0000000026470000,0x0000000026570000)]
  0x000000001ffe0800 JavaThread "Execution worker for ':' Thread 2" [_thread_in_Java, id=7132, stack(0x0000000026370000,0x0000000026470000)]
  0x0000000021648800 JavaThread "Execution worker for ':'" [_thread_in_Java, id=3644, stack(0x0000000026270000,0x0000000026370000)]
  0x0000000021646000 JavaThread "Cache worker for file content cache (D:\CT\.gradle\5.4.1\fileContent)" [_thread_blocked, id=2888, stack(0x0000000025890000,0x0000000025990000)]
  0x0000000021647800 JavaThread "Cache worker for file content cache (C:\Users\User\.gradle\caches\5.4.1\fileContent)" [_thread_blocked, id=488, stack(0x0000000025790000,0x0000000025890000)]
  0x0000000021644800 JavaThread "Memory manager" [_thread_blocked, id=10752, stack(0x0000000025690000,0x0000000025790000)]
  0x0000000021647000 JavaThread "Cache worker for Build Output Cleanup Cache (D:\CT\.gradle\buildOutputCleanup)" [_thread_in_native, id=5392, stack(0x0000000023bc0000,0x0000000023cc0000)]
  0x000000002164a000 JavaThread "Build operations Thread 8" [_thread_blocked, id=4168, stack(0x00000000236c0000,0x00000000237c0000)]
  0x0000000021649000 JavaThread "Build operations Thread 7" [_thread_blocked, id=2828, stack(0x00000000235c0000,0x00000000236c0000)]
  0x000000002164a800 JavaThread "Build operations Thread 6" [_thread_blocked, id=9604, stack(0x00000000234c0000,0x00000000235c0000)]
  0x000000002163d000 JavaThread "Build operations Thread 5" [_thread_blocked, id=11048, stack(0x00000000233c0000,0x00000000234c0000)]
  0x000000002163f800 JavaThread "Build operations Thread 4" [_thread_blocked, id=9036, stack(0x00000000232c0000,0x00000000233c0000)]
  0x0000000021644000 JavaThread "Build operations Thread 3" [_thread_blocked, id=4124, stack(0x00000000231c0000,0x00000000232c0000)]
  0x0000000021640000 JavaThread "Build operations Thread 2" [_thread_blocked, id=8520, stack(0x00000000230c0000,0x00000000231c0000)]
  0x0000000021641000 JavaThread "Build operations" [_thread_blocked, id=8396, stack(0x0000000022e90000,0x0000000022f90000)]
  0x000000002163c800 JavaThread "Cache worker for execution history cache (C:\Users\User\.gradle\caches\5.4.1\executionHistory)" [_thread_blocked, id=9656, stack(0x0000000022880000,0x0000000022980000)]
  0x000000002163e000 JavaThread "Cache worker for cache directory md-rule (C:\Users\User\.gradle\caches\5.4.1\md-rule)" [_thread_blocked, id=10664, stack(0x0000000022780000,0x0000000022880000)]
  0x0000000021642800 JavaThread "Cache worker for cache directory md-supplier (C:\Users\User\.gradle\caches\5.4.1\md-supplier)" [_thread_blocked, id=5660, stack(0x000000001fbf0000,0x000000001fcf0000)]
  0x0000000018693000 JavaThread "Cache worker for file hash cache (D:\CT\.gradle\5.4.1\fileHashes)" [_thread_blocked, id=3680, stack(0x000000001faf0000,0x000000001fbf0000)]
  0x0000000018692000 JavaThread "Cache worker for journal cache (C:\Users\User\.gradle\caches\journal-1)" [_thread_blocked, id=7932, stack(0x000000001c2b0000,0x000000001c3b0000)]
  0x0000000018690800 JavaThread "File lock request listener" [_thread_in_native, id=3420, stack(0x000000001c1b0000,0x000000001c2b0000)]
  0x000000001a90b000 JavaThread "Cache worker for file hash cache (C:\Users\User\.gradle\caches\5.4.1\fileHashes)" [_thread_blocked, id=1180, stack(0x000000001c0b0000,0x000000001c1b0000)]
  0x000000001894d000 JavaThread "Thread-9" [_thread_blocked, id=2524, stack(0x000000001bfb0000,0x000000001c0b0000)]
  0x000000001aa11800 JavaThread "Stdin handler" [_thread_blocked, id=2584, stack(0x000000001beb0000,0x000000001bfb0000)]
  0x000000001a7ef000 JavaThread "Asynchronous log dispatcher for DefaultDaemonConnection: socket connection from /127.0.0.1:9870 to /127.0.0.1:9871" [_thread_blocked, id=6488, stack(0x000000001bcb0000,0x000000001bdb0000)]
  0x000000001a7f0800 JavaThread "Daemon worker" [_thread_in_Java, id=6028, stack(0x000000001bbb0000,0x000000001bcb0000)]
  0x000000001a8e4000 JavaThread "Cancel handler" [_thread_blocked, id=5104, stack(0x000000001bab0000,0x000000001bbb0000)]
  0x0000000018960000 JavaThread "Handler for socket connection from /127.0.0.1:9870 to /127.0.0.1:9871" [_thread_in_native, id=1692, stack(0x000000001b7b0000,0x000000001b8b0000)]
  0x0000000018963800 JavaThread "Daemon" [_thread_blocked, id=5076, stack(0x000000001b6b0000,0x000000001b7b0000)]
  0x0000000019821800 JavaThread "Daemon periodic checks" [_thread_blocked, id=3076, stack(0x000000001b5b0000,0x000000001b6b0000)]
  0x0000000019828000 JavaThread "Incoming local TCP Connector on port 9870" [_thread_in_native, id=9108, stack(0x000000001b360000,0x000000001b460000)]
  0x000000001a90e800 JavaThread "Daemon health stats" [_thread_blocked, id=2228, stack(0x000000001ad20000,0x000000001ae20000)]
  0x00000000186d6000 JavaThread "Service Thread" daemon [_thread_blocked, id=9864, stack(0x0000000019350000,0x0000000019450000)]
  0x0000000018693800 JavaThread "C1 CompilerThread3" daemon [_thread_blocked, id=3368, stack(0x0000000019250000,0x0000000019350000)]
  0x0000000018694800 JavaThread "C2 CompilerThread2" daemon [_thread_in_native, id=11192, stack(0x0000000019150000,0x0000000019250000)]
  0x000000001868a000 JavaThread "C2 CompilerThread1" daemon [_thread_in_native, id=5452, stack(0x0000000019050000,0x0000000019150000)]
=>0x0000000018681800 JavaThread "C2 CompilerThread0" daemon [_thread_in_native, id=2608, stack(0x0000000018f50000,0x0000000019050000)]
  0x0000000018680000 JavaThread "Attach Listener" daemon [_thread_blocked, id=10536, stack(0x0000000018e50000,0x0000000018f50000)]
  0x000000001867f000 JavaThread "Signal Dispatcher" daemon [_thread_blocked, id=11180, stack(0x0000000018d50000,0x0000000018e50000)]
  0x0000000018671000 JavaThread "Finalizer" daemon [_thread_blocked, id=3568, stack(0x0000000018b50000,0x0000000018c50000)]
  0x0000000018670800 JavaThread "Reference Handler" daemon [_thread_blocked, id=6512, stack(0x0000000018a50000,0x0000000018b50000)]
  0x000000000294e000 JavaThread "main" [_thread_blocked, id=4440, stack(0x0000000002810000,0x0000000002910000)]

Other Threads:
  0x0000000016886000 VMThread [stack: 0x0000000018550000,0x0000000018650000] [id=7236]
  0x00000000186d6800 WatcherThread [stack: 0x0000000019450000,0x0000000019550000] [id=8112]

VM state:not at safepoint (normal execution)

VM Mutex/Monitor currently owned by a thread: None

heap address: 0x00000000a0000000, size: 1536 MB, Compressed Oops mode: 32-bit
Narrow klass base: 0x0000000000000000, Narrow klass shift: 3
Compressed class space size: 1073741824 Address: 0x0000000100000000

Heap:
 PSYoungGen      total 489984K, used 298702K [0x00000000e0000000, 0x0000000100000000, 0x0000000100000000)
  eden space 461824K, 59% used [0x00000000e0000000,0x00000000f0b56070,0x00000000fc300000)
  from space 28160K, 88% used [0x00000000fe180000,0x00000000ff9dda88,0x00000000ffd00000)
  to   space 31232K, 0% used [0x00000000fc300000,0x00000000fc300000,0x00000000fe180000)
 ParOldGen       total 258560K, used 170634K [0x00000000a0000000, 0x00000000afc80000, 0x00000000e0000000)
  object space 258560K, 65% used [0x00000000a0000000,0x00000000aa6a2ad0,0x00000000afc80000)
 Metaspace       used 75517K, capacity 78520K, committed 79576K, reserved 1118208K
  class space    used 10080K, capacity 10718K, committed 11008K, reserved 1048576K

Card table byte_map: [0x0000000011e90000,0x00000000121a0000] byte_map_base: 0x0000000011990000

Marking Bits: (ParMarkBitMap*) 0x000000006f2a9f30
 Begin Bits: [0x0000000012ba0000, 0x00000000143a0000)
 End Bits:   [0x00000000143a0000, 0x0000000015ba0000)

Polling page: 0x00000000007f0000

CodeCache: size=245760Kb used=38494Kb max_used=39189Kb free=207265Kb
 bounds [0x0000000002ad0000, 0x0000000005160000, 0x0000000011ad0000]
 total_blobs=13145 nmethods=12320 adapters=734
 compilation: enabled

Compilation events (10 events):
Event: 15.066 Thread 0x0000000018693800 14707       2       com.android.tools.r8.ir.code.Q::e (11 bytes)
Event: 15.066 Thread 0x0000000018693800 nmethod 14707 0x00000000046a0e50 code [0x00000000046a0fc0, 0x00000000046a1188]
Event: 15.066 Thread 0x0000000018693800 14708       2       com.android.tools.r8.code.MulIntLit8::<init> (8 bytes)
Event: 15.066 Thread 0x0000000018693800 nmethod 14708 0x00000000049580d0 code [0x0000000004958240, 0x00000000049583a8]
Event: 15.073 Thread 0x0000000018693800 14709       2       java.util.zip.ZipFile::finalize (5 bytes)
Event: 15.076 Thread 0x0000000018693800 nmethod 14709 0x00000000049f6410 code [0x00000000049f6580, 0x00000000049f6708]
Event: 15.087 Thread 0x0000000018693800 14710       2       com.android.tools.r8.ir.code.Return::a (38 bytes)
Event: 15.088 Thread 0x0000000018693800 nmethod 14710 0x00000000046b0050 code [0x00000000046b0220, 0x00000000046b0548]
Event: 15.094 Thread 0x0000000018693800 14711       1       com.android.tools.r8.ir.code.NumberConversion::isNumberConversion (2 bytes)
Event: 15.094 Thread 0x0000000018693800 nmethod 14711 0x0000000004957e10 code [0x0000000004957f60, 0x0000000004958070]

GC Heap History (10 events):
Event: 13.390 GC heap before
{Heap before GC invocations=32 (full 4):
 PSYoungGen      total 488448K, used 465742K [0x00000000e0000000, 0x00000000ffe80000, 0x0000000100000000)
  eden space 455168K, 100% used [0x00000000e0000000,0x00000000fbc80000,0x00000000fbc80000)
  from space 33280K, 31% used [0x00000000fbc80000,0x00000000fc6d3bb8,0x00000000fdd00000)
  to   space 32256K, 0% used [0x00000000fdf00000,0x00000000fdf00000,0x00000000ffe80000)
 ParOldGen       total 258560K, used 130906K [0x00000000a0000000, 0x00000000afc80000, 0x00000000e0000000)
  object space 258560K, 50% used [0x00000000a0000000,0x00000000a7fd68c0,0x00000000afc80000)
 Metaspace       used 75414K, capacity 78350K, committed 79448K, reserved 1118208K
  class space    used 10078K, capacity 10685K, committed 10880K, reserved 1048576K
Event: 13.405 GC heap after
Heap after GC invocations=32 (full 4):
 PSYoungGen      total 489472K, used 9939K [0x00000000e0000000, 0x00000000ffd00000, 0x0000000100000000)
  eden space 458752K, 0% used [0x00000000e0000000,0x00000000e0000000,0x00000000fc000000)
  from space 30720K, 32% used [0x00000000fdf00000,0x00000000fe8b4f40,0x00000000ffd00000)
  to   space 31232K, 0% used [0x00000000fc000000,0x00000000fc000000,0x00000000fde80000)
 ParOldGen       total 258560K, used 139710K [0x00000000a0000000, 0x00000000afc80000, 0x00000000e0000000)
  object space 258560K, 54% used [0x00000000a0000000,0x00000000a886f848,0x00000000afc80000)
 Metaspace       used 75414K, capacity 78350K, committed 79448K, reserved 1118208K
  class space    used 10078K, capacity 10685K, committed 10880K, reserved 1048576K
}
Event: 13.720 GC heap before
{Heap before GC invocations=33 (full 4):
 PSYoungGen      total 489472K, used 468691K [0x00000000e0000000, 0x00000000ffd00000, 0x0000000100000000)
  eden space 458752K, 100% used [0x00000000e0000000,0x00000000fc000000,0x00000000fc000000)
  from space 30720K, 32% used [0x00000000fdf00000,0x00000000fe8b4f40,0x00000000ffd00000)
  to   space 31232K, 0% used [0x00000000fc000000,0x00000000fc000000,0x00000000fde80000)
 ParOldGen       total 258560K, used 139710K [0x00000000a0000000, 0x00000000afc80000, 0x00000000e0000000)
  object space 258560K, 54% used [0x00000000a0000000,0x00000000a886f848,0x00000000afc80000)
 Metaspace       used 75433K, capacity 78446K, committed 79576K, reserved 1118208K
  class space    used 10080K, capacity 10717K, committed 11008K, reserved 1048576K
Event: 13.735 GC heap after
Heap after GC invocations=33 (full 4):
 PSYoungGen      total 489984K, used 10144K [0x00000000e0000000, 0x00000000ffe80000, 0x0000000100000000)
  eden space 458752K, 0% used [0x00000000e0000000,0x00000000e0000000,0x00000000fc000000)
  from space 31232K, 32% used [0x00000000fc000000,0x00000000fc9e8000,0x00000000fde80000)
  to   space 30208K, 0% used [0x00000000fe100000,0x00000000fe100000,0x00000000ffe80000)
 ParOldGen       total 258560K, used 147910K [0x00000000a0000000, 0x00000000afc80000, 0x00000000e0000000)
  object space 258560K, 57% used [0x00000000a0000000,0x00000000a90718c0,0x00000000afc80000)
 Metaspace       used 75433K, capacity 78446K, committed 79576K, reserved 1118208K
  class space    used 10080K, capacity 10717K, committed 11008K, reserved 1048576K
}
Event: 14.078 GC heap before
{Heap before GC invocations=34 (full 4):
 PSYoungGen      total 489984K, used 468896K [0x00000000e0000000, 0x00000000ffe80000, 0x0000000100000000)
  eden space 458752K, 100% used [0x00000000e0000000,0x00000000fc000000,0x00000000fc000000)
  from space 31232K, 32% used [0x00000000fc000000,0x00000000fc9e8000,0x00000000fde80000)
  to   space 30208K, 0% used [0x00000000fe100000,0x00000000fe100000,0x00000000ffe80000)
 ParOldGen       total 258560K, used 147910K [0x00000000a0000000, 0x00000000afc80000, 0x00000000e0000000)
  object space 258560K, 57% used [0x00000000a0000000,0x00000000a90718c0,0x00000000afc80000)
 Metaspace       used 75457K, capacity 78514K, committed 79576K, reserved 1118208K
  class space    used 10080K, capacity 10717K, committed 11008K, reserved 1048576K
Event: 14.092 GC heap after
Heap after GC invocations=34 (full 4):
 PSYoungGen      total 492544K, used 8987K [0x00000000e0000000, 0x00000000ffe00000, 0x0000000100000000)
  eden space 462848K, 0% used [0x00000000e0000000,0x00000000e0000000,0x00000000fc400000)
  from space 29696K, 30% used [0x00000000fe100000,0x00000000fe9c6ca8,0x00000000ffe00000)
  to   space 29696K, 0% used [0x00000000fc400000,0x00000000fc400000,0x00000000fe100000)
 ParOldGen       total 258560K, used 157674K [0x00000000a0000000, 0x00000000afc80000, 0x00000000e0000000)
  object space 258560K, 60% used [0x00000000a0000000,0x00000000a99fa920,0x00000000afc80000)
 Metaspace       used 75457K, capacity 78514K, committed 79576K, reserved 1118208K
  class space    used 10080K, capacity 10717K, committed 11008K, reserved 1048576K
}
Event: 14.496 GC heap before
{Heap before GC invocations=35 (full 4):
 PSYoungGen      total 492544K, used 471835K [0x00000000e0000000, 0x00000000ffe00000, 0x0000000100000000)
  eden space 462848K, 100% used [0x00000000e0000000,0x00000000fc400000,0x00000000fc400000)
  from space 29696K, 30% used [0x00000000fe100000,0x00000000fe9c6ca8,0x00000000ffe00000)
  to   space 29696K, 0% used [0x00000000fc400000,0x00000000fc400000,0x00000000fe100000)
 ParOldGen       total 258560K, used 157674K [0x00000000a0000000, 0x00000000afc80000, 0x00000000e0000000)
  object space 258560K, 60% used [0x00000000a0000000,0x00000000a99fa920,0x00000000afc80000)
 Metaspace       used 75484K, capacity 78514K, committed 79576K, reserved 1118208K
  class space    used 10080K, capacity 10717K, committed 11008K, reserved 1048576K
Event: 14.514 GC heap after
Heap after GC invocations=35 (full 4):
 PSYoungGen      total 492544K, used 11297K [0x00000000e0000000, 0x00000000ffd00000, 0x0000000100000000)
  eden space 462848K, 0% used [0x00000000e0000000,0x00000000e0000000,0x00000000fc400000)
  from space 29696K, 38% used [0x00000000fc400000,0x00000000fcf087a8,0x00000000fe100000)
  to   space 28160K, 0% used [0x00000000fe180000,0x00000000fe180000,0x00000000ffd00000)
 ParOldGen       total 258560K, used 164185K [0x00000000a0000000, 0x00000000afc80000, 0x00000000e0000000)
  object space 258560K, 63% used [0x00000000a0000000,0x00000000aa056488,0x00000000afc80000)
 Metaspace       used 75484K, capacity 78514K, committed 79576K, reserved 1118208K
  class space    used 10080K, capacity 10717K, committed 11008K, reserved 1048576K
}
Event: 14.911 GC heap before
{Heap before GC invocations=36 (full 4):
 PSYoungGen      total 492544K, used 474145K [0x00000000e0000000, 0x00000000ffd00000, 0x0000000100000000)
  eden space 462848K, 100% used [0x00000000e0000000,0x00000000fc400000,0x00000000fc400000)
  from space 29696K, 38% used [0x00000000fc400000,0x00000000fcf087a8,0x00000000fe100000)
  to   space 28160K, 0% used [0x00000000fe180000,0x00000000fe180000,0x00000000ffd00000)
 ParOldGen       total 258560K, used 164185K [0x00000000a0000000, 0x00000000afc80000, 0x00000000e0000000)
  object space 258560K, 63% used [0x00000000a0000000,0x00000000aa056488,0x00000000afc80000)
 Metaspace       used 75509K, capacity 78520K, committed 79576K, reserved 1118208K
  class space    used 10080K, capacity 10718K, committed 11008K, reserved 1048576K
Event: 14.936 GC heap after
Heap after GC invocations=36 (full 4):
 PSYoungGen      total 489984K, used 24950K [0x00000000e0000000, 0x0000000100000000, 0x0000000100000000)
  eden space 461824K, 0% used [0x00000000e0000000,0x00000000e0000000,0x00000000fc300000)
  from space 28160K, 88% used [0x00000000fe180000,0x00000000ff9dda88,0x00000000ffd00000)
  to   space 31232K, 0% used [0x00000000fc300000,0x00000000fc300000,0x00000000fe180000)
 ParOldGen       total 258560K, used 170634K [0x00000000a0000000, 0x00000000afc80000, 0x00000000e0000000)
  object space 258560K, 65% used [0x00000000a0000000,0x00000000aa6a2ad0,0x00000000afc80000)
 Metaspace       used 75509K, capacity 78520K, committed 79576K, reserved 1118208K
  class space    used 10080K, capacity 10718K, committed 11008K, reserved 1048576K
}

Deoptimization events (10 events):
Event: 14.308 Thread 0x000000001ffe4000 Uncommon trap: reason=unstable_if action=reinterpret pc=0x0000000004f557a8 method=com.android.tools.r8.ir.regalloc.LinearScanRegisterAllocator.a(Lcom/android/tools/r8/m/a/a/b/d0;Ljava/util/List;Lcom/android/tools/r8/ir/regalloc/RegisterAllocator;Ljava/uti
Event: 14.380 Thread 0x000000001ffe2000 Uncommon trap: reason=bimorphic action=maybe_recompile pc=0x00000000050e2324 method=com.android.tools.r8.graph.DexItem.collectIndexedItems(Lcom/android/tools/r8/dex/g;)V @ 4
Event: 14.380 Thread 0x000000001ffe2000 Uncommon trap: reason=bimorphic action=maybe_recompile pc=0x00000000050e2324 method=com.android.tools.r8.graph.DexItem.collectIndexedItems(Lcom/android/tools/r8/dex/g;)V @ 4
Event: 14.380 Thread 0x000000001ffe2000 Uncommon trap: reason=bimorphic action=maybe_recompile pc=0x00000000050e2324 method=com.android.tools.r8.graph.DexItem.collectIndexedItems(Lcom/android/tools/r8/dex/g;)V @ 4
Event: 14.380 Thread 0x000000001ffe2000 Uncommon trap: reason=bimorphic action=maybe_recompile pc=0x00000000050e2324 method=com.android.tools.r8.graph.DexItem.collectIndexedItems(Lcom/android/tools/r8/dex/g;)V @ 4
Event: 14.517 Thread 0x0000000021648800 Uncommon trap: reason=unstable_if action=reinterpret pc=0x000000000331855c method=java.util.HashMap.getNode(ILjava/lang/Object;)Ljava/util/HashMap$Node; @ 84
Event: 14.536 Thread 0x000000001a7f0800 Uncommon trap: reason=unstable_if action=reinterpret pc=0x000000000401247c method=com.google.common.collect.MapMakerInternalMap$Segment.put(Ljava/lang/Object;ILjava/lang/Object;Z)Ljava/lang/Object; @ 92
Event: 14.841 Thread 0x0000000021648800 Uncommon trap: reason=class_check action=maybe_recompile pc=0x0000000004e8cf08 method=com.android.tools.r8.ir.optimize.g.a(Lcom/android/tools/r8/ir/code/IRCode;)V @ 179
Event: 14.846 Thread 0x000000001ffe2000 Uncommon trap: reason=unstable_if action=reinterpret pc=0x00000000050783d8 method=com.android.tools.r8.ir.conversion.N.b(Lcom/android/tools/r8/t/a/a/G/a;)Z @ 15
Event: 15.089 Thread 0x000000001ffe0800 Uncommon trap: reason=class_check action=maybe_recompile pc=0x00000000045aea4c method=com.android.tools.r8.ir.analysis.g.e.b(Lcom/android/tools/r8/ir/code/Instruction;)V @ 376

Classes redefined (0 events):
No events

Internal exceptions (10 events):
Event: 14.786 Thread 0x000000001ffe2000 Exception <a 'sun/nio/fs/WindowsException'> (0x00000000edcc5d10) thrown at [D:\src\AOSP-openjdk-cygwin\jdk8u\hotspot\src\share\vm\prims\jni.cpp, line 710]
Event: 14.786 Thread 0x000000001ffdf800 Exception <a 'sun/nio/fs/WindowsException'> (0x00000000efc76458) thrown at [D:\src\AOSP-openjdk-cygwin\jdk8u\hotspot\src\share\vm\prims\jni.cpp, line 710]
Event: 14.805 Thread 0x000000001ffe2000 Exception <a 'sun/nio/fs/WindowsException'> (0x00000000f103a300) thrown at [D:\src\AOSP-openjdk-cygwin\jdk8u\hotspot\src\share\vm\prims\jni.cpp, line 710]
Event: 14.806 Thread 0x000000001ffe0800 Exception <a 'sun/nio/fs/WindowsException'> (0x00000000f16798b0) thrown at [D:\src\AOSP-openjdk-cygwin\jdk8u\hotspot\src\share\vm\prims\jni.cpp, line 710]
Event: 14.813 Thread 0x000000001ffe4000 Exception <a 'sun/nio/fs/WindowsException'> (0x00000000ea275448) thrown at [D:\src\AOSP-openjdk-cygwin\jdk8u\hotspot\src\share\vm\prims\jni.cpp, line 710]
Event: 14.827 Thread 0x000000001ffe4000 Exception <a 'sun/nio/fs/WindowsException'> (0x00000000f2848a70) thrown at [D:\src\AOSP-openjdk-cygwin\jdk8u\hotspot\src\share\vm\prims\jni.cpp, line 710]
Event: 14.841 Thread 0x000000001ffe4000 Exception <a 'sun/nio/fs/WindowsException'> (0x00000000f28de0d8) thrown at [D:\src\AOSP-openjdk-cygwin\jdk8u\hotspot\src\share\vm\prims\jni.cpp, line 710]
Event: 14.842 Thread 0x000000001a7f0800 Exception <a 'sun/nio/fs/WindowsException'> (0x00000000f24e3ca0) thrown at [D:\src\AOSP-openjdk-cygwin\jdk8u\hotspot\src\share\vm\prims\jni.cpp, line 710]
Event: 15.024 Thread 0x000000001ffe4000 Exception <a 'sun/nio/fs/WindowsException'> (0x00000000e8ce5088) thrown at [D:\src\AOSP-openjdk-cygwin\jdk8u\hotspot\src\share\vm\prims\jni.cpp, line 710]
Event: 15.032 Thread 0x000000001ffe2000 Exception <a 'sun/nio/fs/WindowsException'> (0x00000000e9973e50) thrown at [D:\src\AOSP-openjdk-cygwin\jdk8u\hotspot\src\share\vm\prims\jni.cpp, line 710]

Events (10 events):
Event: 15.040 Executing VM operation: RevokeBias done
Event: 15.067 Thread 0x000000001ffe2800 DEOPT PACKING pc=0x0000000005122675 sp=0x000000002686a550
Event: 15.067 Thread 0x000000001ffe2800 DEOPT UNPACKING pc=0x0000000002b175d0 sp=0x000000002686a560 mode 0
Event: 15.073 Executing VM operation: RevokeBias
Event: 15.076 Executing VM operation: RevokeBias done
Event: 15.077 Executing VM operation: BulkRevokeBias
Event: 15.078 Executing VM operation: BulkRevokeBias done
Event: 15.089 Thread 0x000000001ffe0800 Uncommon trap: trap_request=0xffffffde fr.pc=0x00000000045aea4c
Event: 15.089 Thread 0x000000001ffe0800 DEOPT PACKING pc=0x00000000045aea4c sp=0x000000002646b340
Event: 15.089 Thread 0x000000001ffe0800 DEOPT UNPACKING pc=0x0000000002b1557b sp=0x000000002646b318 mode 2


Dynamic libraries:
0x00007ff7963a0000 - 0x00007ff7963d1000 	C:\Program Files\Android\Android Studio\jre\bin\java.exe
0x00007fff43a40000 - 0x00007fff43c2d000 	C:\Windows\SYSTEM32\ntdll.dll
0x00007fff41a30000 - 0x00007fff41ae3000 	C:\Windows\System32\KERNEL32.DLL
0x00007fff40050000 - 0x00007fff402e5000 	C:\Windows\System32\KERNELBASE.dll
0x00007fff437d0000 - 0x00007fff43873000 	C:\Windows\System32\ADVAPI32.dll
0x00007fff41af0000 - 0x00007fff41b8e000 	C:\Windows\System32\msvcrt.dll
0x00007fff411c0000 - 0x00007fff4125e000 	C:\Windows\System32\sechost.dll
0x00007fff43880000 - 0x00007fff439a2000 	C:\Windows\System32\RPCRT4.dll
0x00007fff41b90000 - 0x00007fff41d27000 	C:\Windows\System32\USER32.dll
0x00007fff3fb00000 - 0x00007fff3fb20000 	C:\Windows\System32\win32u.dll
0x00007fff419d0000 - 0x00007fff419f9000 	C:\Windows\System32\GDI32.dll
0x00007fff3feb0000 - 0x00007fff40049000 	C:\Windows\System32\gdi32full.dll
0x00007fff40bc0000 - 0x00007fff40c60000 	C:\Windows\System32\msvcp_win.dll
0x00007fff40ac0000 - 0x00007fff40bba000 	C:\Windows\System32\ucrtbase.dll
0x00007fff2cdf0000 - 0x00007fff2d069000 	C:\Windows\WinSxS\amd64_microsoft.windows.common-controls_6595b64144ccf1df_6.0.17763.1158_none_de722d88534a897f\COMCTL32.dll
0x00007fff434a0000 - 0x00007fff437cc000 	C:\Windows\System32\combase.dll
0x00007fff40a40000 - 0x00007fff40abe000 	C:\Windows\System32\bcryptPrimitives.dll
0x00007fff41480000 - 0x00007fff414ae000 	C:\Windows\System32\IMM32.DLL
0x000000006ea00000 - 0x000000006ead2000 	C:\Program Files\Android\Android Studio\jre\jre\bin\msvcr100.dll
0x000000006eae0000 - 0x000000006f326000 	C:\Program Files\Android\Android Studio\jre\jre\bin\server\jvm.dll
0x00007fff411b0000 - 0x00007fff411b8000 	C:\Windows\System32\PSAPI.DLL
0x00007fff32740000 - 0x00007fff3274a000 	C:\Windows\SYSTEM32\VERSION.dll
0x00007fff3b1e0000 - 0x00007fff3b1e9000 	C:\Windows\SYSTEM32\WSOCK32.dll
0x00007fff3d630000 - 0x00007fff3d654000 	C:\Windows\SYSTEM32\WINMM.dll
0x00007fff41960000 - 0x00007fff419cd000 	C:\Windows\System32\WS2_32.dll
0x00007fff3d600000 - 0x00007fff3d62d000 	C:\Windows\SYSTEM32\winmmbase.dll
0x00007fff3fb20000 - 0x00007fff3fb6a000 	C:\Windows\System32\cfgmgr32.dll
0x00007fff3a2f0000 - 0x00007fff3a2ff000 	C:\Program Files\Android\Android Studio\jre\jre\bin\verify.dll
0x00007fff3a2c0000 - 0x00007fff3a2e9000 	C:\Program Files\Android\Android Studio\jre\jre\bin\java.dll
0x00007fff3a2a0000 - 0x00007fff3a2b6000 	C:\Program Files\Android\Android Studio\jre\jre\bin\zip.dll
0x00007fff41db0000 - 0x00007fff432a4000 	C:\Windows\System32\SHELL32.dll
0x00007fff41740000 - 0x00007fff417e8000 	C:\Windows\System32\shcore.dll
0x00007fff402f0000 - 0x00007fff40a3d000 	C:\Windows\System32\windows.storage.dll
0x00007fff3fa50000 - 0x00007fff3fa74000 	C:\Windows\System32\profapi.dll
0x00007fff3fa80000 - 0x00007fff3fadd000 	C:\Windows\System32\powrprof.dll
0x00007fff439b0000 - 0x00007fff43a02000 	C:\Windows\System32\shlwapi.dll
0x00007fff3fae0000 - 0x00007fff3faf1000 	C:\Windows\System32\kernel.appcore.dll
0x00007fff3fd50000 - 0x00007fff3fd67000 	C:\Windows\System32\cryptsp.dll
0x00007fff33ec0000 - 0x00007fff33eda000 	C:\Program Files\Android\Android Studio\jre\jre\bin\net.dll
0x00007fff3f2a0000 - 0x00007fff3f307000 	C:\Windows\system32\mswsock.dll
0x00007fff33670000 - 0x00007fff33681000 	C:\Program Files\Android\Android Studio\jre\jre\bin\nio.dll
0x00007fff159e0000 - 0x00007fff15a06000 	C:\Users\User\.gradle\native\29\windows-amd64\native-platform.dll
0x00007fff33660000 - 0x00007fff3366d000 	C:\Program Files\Android\Android Studio\jre\jre\bin\management.dll
0x00007fff3ee20000 - 0x00007fff3ee53000 	C:\Windows\system32\rsaenh.dll
0x00007fff3fd70000 - 0x00007fff3fd96000 	C:\Windows\System32\bcrypt.dll
0x00007fff3f930000 - 0x00007fff3f958000 	C:\Windows\SYSTEM32\USERENV.dll
0x00007fff3f470000 - 0x00007fff3f47c000 	C:\Windows\SYSTEM32\CRYPTBASE.dll
0x00007fff3efc0000 - 0x00007fff3effd000 	C:\Windows\SYSTEM32\IPHLPAPI.DLL
0x00007fff41470000 - 0x00007fff41478000 	C:\Windows\System32\NSI.dll
0x00007fff33dc0000 - 0x00007fff33dd6000 	C:\Windows\SYSTEM32\dhcpcsvc6.DLL
0x00007fff333c0000 - 0x00007fff333dc000 	C:\Windows\SYSTEM32\dhcpcsvc.DLL
0x00007fff3f000000 - 0x00007fff3f0c7000 	C:\Windows\SYSTEM32\DNSAPI.dll

VM Arguments:
jvm_args: -Xmx1536m -Dfile.encoding=windows-1251 -Duser.country=RU -Duser.language=ru -Duser.variant 
java_command: org.gradle.launcher.daemon.bootstrap.GradleDaemon 5.4.1
java_class_path (initial): C:\Users\User\.gradle\wrapper\dists\gradle-5.4.1-all\3221gyojl5jsh0helicew7rwx\gradle-5.4.1\lib\gradle-launcher-5.4.1.jar
Launcher Type: SUN_STANDARD

Environment Variables:
PATH=C:\Program Files (x86)\Common Files\Oracle\Java\javapath;C:\Windows\system32;C:\Windows;C:\Windows\System32\Wbem;C:\Windows\System32\WindowsPowerShell\v1.0\;C:\Windows\System32\OpenSSH\;C:\Program Files (x86)\NVIDIA Corporation\PhysX\Common;C:\Program Files\NVIDIA Corporation\NVIDIA NvDLISR;C:\Program Files (x86)\Common Files\Acronis\SnapAPI\;C:\Program Files (x86)\Common Files\Acronis\VirtualFile\;C:\Program Files (x86)\Common Files\Acronis\VirtualFile64\;C:\Program Files (x86)\Common Files\Acronis\FileProtector\;C:\Program Files (x86)\Common Files\Acronis\FileProtector64\;D:\Git\cmd;C:\Program Files\Java\jdk-14\bin;C:\Users\User\AppData\Local\Microsoft\WindowsApps;C:\Users\User\AppData\Local\GitHubDesktop\bin
USERNAME=User
OS=Windows_NT
PROCESSOR_IDENTIFIER=Intel64 Family 6 Model 158 Stepping 10, GenuineIntel



---------------  S Y S T E M  ---------------

OS: Windows 10.0 , 64 bit Build 17763 (10.0.17763.1158)

CPU:total 8 (initial active 8) (4 cores per cpu, 2 threads per core) family 6 model 158 stepping 10, cmov, cx8, fxsr, mmx, sse, sse2, sse3, ssse3, sse4.1, sse4.2, popcnt, avx, avx2, aes, clmul, erms, 3dnowpref, lzcnt, ht, tsc, tscinvbit, bmi1, bmi2, adx

Memory: 4k page, physical 8233336k(676256k free), swap 10330488k(5444k free)

vm_info: OpenJDK 64-Bit Server VM (25.202-b03) for windows-amd64 JRE (1.8.0_202-release-1483-b03), built by "builder" with MS VC++ 10.0 (VS2010)

time: Mon May 04 16:46:06 2020
timezone: RTZ 2 (зима)
elapsed time: 15 seconds (0d 0h 0m 15s)

